2025-06-02 13:59:29 DEBUG PackageRelationshipCollection:307 - Parsing relationship: /xl/_rels/workbook.xml.rels
2025-06-02 13:59:29 DEBUG PackageRelationshipCollection:307 - Parsing relationship: /xl/worksheets/_rels/sheet1.xml.rels
2025-06-02 13:59:29 DEBUG PackageRelationshipCollection:307 - Parsing relationship: /_rels/.rels
2025-06-02 13:59:30 DEBUG POIXMLFactory:65 - using default POIXMLDocumentPart for http://schemas.openxmlformats.org/officeDocument/2006/relationships/printerSettings
2025-06-02 13:59:30 DEBUG PackageRelationshipCollection:307 - Parsing relationship: /xl/_rels/workbook.xml.rels
2025-06-02 13:59:30 DEBUG PackageRelationshipCollection:307 - Parsing relationship: /xl/worksheets/_rels/sheet1.xml.rels
2025-06-02 13:59:30 DEBUG PackageRelationshipCollection:307 - Parsing relationship: /_rels/.rels
2025-06-02 13:59:30 DEBUG POIXMLFactory:65 - using default POIXMLDocumentPart for http://schemas.openxmlformats.org/officeDocument/2006/relationships/printerSettings
2025-06-02 13:59:30 DEBUG PackageRelationshipCollection:307 - Parsing relationship: /xl/_rels/workbook.xml.rels
2025-06-02 13:59:30 DEBUG PackageRelationshipCollection:307 - Parsing relationship: /xl/worksheets/_rels/sheet1.xml.rels
2025-06-02 13:59:30 DEBUG PackageRelationshipCollection:307 - Parsing relationship: /_rels/.rels
2025-06-02 13:59:30 DEBUG POIXMLFactory:65 - using default POIXMLDocumentPart for http://schemas.openxmlformats.org/officeDocument/2006/relationships/printerSettings
2025-06-02 13:59:30 DEBUG PackageRelationshipCollection:307 - Parsing relationship: /xl/_rels/workbook.xml.rels
2025-06-02 13:59:30 DEBUG PackageRelationshipCollection:307 - Parsing relationship: /xl/worksheets/_rels/sheet1.xml.rels
2025-06-02 13:59:30 DEBUG PackageRelationshipCollection:307 - Parsing relationship: /_rels/.rels
2025-06-02 13:59:30 DEBUG POIXMLFactory:65 - using default POIXMLDocumentPart for http://schemas.openxmlformats.org/officeDocument/2006/relationships/printerSettings
2025-06-02 13:59:30 DEBUG PackageRelationshipCollection:307 - Parsing relationship: /xl/_rels/workbook.xml.rels
2025-06-02 13:59:30 DEBUG PackageRelationshipCollection:307 - Parsing relationship: /xl/worksheets/_rels/sheet1.xml.rels
2025-06-02 13:59:30 DEBUG PackageRelationshipCollection:307 - Parsing relationship: /_rels/.rels
2025-06-02 13:59:30 DEBUG POIXMLFactory:65 - using default POIXMLDocumentPart for http://schemas.openxmlformats.org/officeDocument/2006/relationships/printerSettings
2025-06-02 13:59:30 DEBUG PackageRelationshipCollection:307 - Parsing relationship: /xl/_rels/workbook.xml.rels
2025-06-02 13:59:30 DEBUG PackageRelationshipCollection:307 - Parsing relationship: /xl/worksheets/_rels/sheet1.xml.rels
2025-06-02 13:59:30 DEBUG PackageRelationshipCollection:307 - Parsing relationship: /_rels/.rels
2025-06-02 13:59:30 DEBUG POIXMLFactory:65 - using default POIXMLDocumentPart for http://schemas.openxmlformats.org/officeDocument/2006/relationships/printerSettings
2025-06-02 13:59:30 DEBUG PackageRelationshipCollection:307 - Parsing relationship: /xl/_rels/workbook.xml.rels
2025-06-02 13:59:30 DEBUG PackageRelationshipCollection:307 - Parsing relationship: /xl/worksheets/_rels/sheet1.xml.rels
2025-06-02 13:59:30 DEBUG PackageRelationshipCollection:307 - Parsing relationship: /_rels/.rels
2025-06-02 13:59:30 DEBUG POIXMLFactory:65 - using default POIXMLDocumentPart for http://schemas.openxmlformats.org/officeDocument/2006/relationships/printerSettings
2025-06-02 13:59:30 DEBUG PackageRelationshipCollection:307 - Parsing relationship: /xl/_rels/workbook.xml.rels
2025-06-02 13:59:30 DEBUG PackageRelationshipCollection:307 - Parsing relationship: /xl/worksheets/_rels/sheet1.xml.rels
2025-06-02 13:59:30 DEBUG PackageRelationshipCollection:307 - Parsing relationship: /_rels/.rels
2025-06-02 13:59:30 DEBUG POIXMLFactory:65 - using default POIXMLDocumentPart for http://schemas.openxmlformats.org/officeDocument/2006/relationships/printerSettings
2025-06-02 13:59:30 DEBUG PackageRelationshipCollection:307 - Parsing relationship: /xl/_rels/workbook.xml.rels
2025-06-02 13:59:30 DEBUG PackageRelationshipCollection:307 - Parsing relationship: /xl/worksheets/_rels/sheet1.xml.rels
2025-06-02 13:59:30 DEBUG PackageRelationshipCollection:307 - Parsing relationship: /_rels/.rels
2025-06-02 13:59:30 DEBUG POIXMLFactory:65 - using default POIXMLDocumentPart for http://schemas.openxmlformats.org/officeDocument/2006/relationships/printerSettings
2025-06-02 13:59:30 DEBUG PackageRelationshipCollection:307 - Parsing relationship: /xl/_rels/workbook.xml.rels
2025-06-02 13:59:30 DEBUG PackageRelationshipCollection:307 - Parsing relationship: /xl/worksheets/_rels/sheet1.xml.rels
2025-06-02 13:59:30 DEBUG PackageRelationshipCollection:307 - Parsing relationship: /_rels/.rels
2025-06-02 13:59:30 DEBUG POIXMLFactory:65 - using default POIXMLDocumentPart for http://schemas.openxmlformats.org/officeDocument/2006/relationships/printerSettings
2025-06-02 13:59:30 DEBUG PackageRelationshipCollection:307 - Parsing relationship: /xl/_rels/workbook.xml.rels
2025-06-02 13:59:30 DEBUG PackageRelationshipCollection:307 - Parsing relationship: /xl/worksheets/_rels/sheet1.xml.rels
2025-06-02 13:59:30 DEBUG PackageRelationshipCollection:307 - Parsing relationship: /_rels/.rels
2025-06-02 13:59:31 DEBUG POIXMLFactory:65 - using default POIXMLDocumentPart for http://schemas.openxmlformats.org/officeDocument/2006/relationships/printerSettings
2025-06-02 13:59:31 DEBUG PackageRelationshipCollection:307 - Parsing relationship: /xl/_rels/workbook.xml.rels
2025-06-02 13:59:31 DEBUG PackageRelationshipCollection:307 - Parsing relationship: /xl/worksheets/_rels/sheet1.xml.rels
2025-06-02 13:59:31 DEBUG PackageRelationshipCollection:307 - Parsing relationship: /_rels/.rels
2025-06-02 13:59:31 DEBUG POIXMLFactory:65 - using default POIXMLDocumentPart for http://schemas.openxmlformats.org/officeDocument/2006/relationships/printerSettings
2025-06-02 13:59:31 DEBUG PackageRelationshipCollection:307 - Parsing relationship: /xl/_rels/workbook.xml.rels
2025-06-02 13:59:31 DEBUG PackageRelationshipCollection:307 - Parsing relationship: /xl/worksheets/_rels/sheet1.xml.rels
2025-06-02 13:59:31 DEBUG PackageRelationshipCollection:307 - Parsing relationship: /_rels/.rels
2025-06-02 13:59:31 DEBUG POIXMLFactory:65 - using default POIXMLDocumentPart for http://schemas.openxmlformats.org/officeDocument/2006/relationships/printerSettings
2025-06-02 13:59:31 DEBUG PackageRelationshipCollection:307 - Parsing relationship: /xl/_rels/workbook.xml.rels
2025-06-02 13:59:31 DEBUG PackageRelationshipCollection:307 - Parsing relationship: /xl/worksheets/_rels/sheet1.xml.rels
2025-06-02 13:59:31 DEBUG PackageRelationshipCollection:307 - Parsing relationship: /_rels/.rels
2025-06-02 13:59:31 DEBUG POIXMLFactory:65 - using default POIXMLDocumentPart for http://schemas.openxmlformats.org/officeDocument/2006/relationships/printerSettings
2025-06-02 13:59:31 DEBUG PackageRelationshipCollection:307 - Parsing relationship: /xl/_rels/workbook.xml.rels
2025-06-02 13:59:31 DEBUG PackageRelationshipCollection:307 - Parsing relationship: /xl/worksheets/_rels/sheet1.xml.rels
2025-06-02 13:59:31 DEBUG PackageRelationshipCollection:307 - Parsing relationship: /_rels/.rels
2025-06-02 13:59:31 DEBUG POIXMLFactory:65 - using default POIXMLDocumentPart for http://schemas.openxmlformats.org/officeDocument/2006/relationships/printerSettings
2025-06-02 13:59:31 DEBUG PackageRelationshipCollection:307 - Parsing relationship: /xl/_rels/workbook.xml.rels
2025-06-02 13:59:31 DEBUG PackageRelationshipCollection:307 - Parsing relationship: /xl/worksheets/_rels/sheet1.xml.rels
2025-06-02 13:59:31 DEBUG PackageRelationshipCollection:307 - Parsing relationship: /_rels/.rels
2025-06-02 13:59:31 DEBUG POIXMLFactory:65 - using default POIXMLDocumentPart for http://schemas.openxmlformats.org/officeDocument/2006/relationships/printerSettings
2025-06-02 13:59:31 DEBUG PackageRelationshipCollection:307 - Parsing relationship: /xl/_rels/workbook.xml.rels
2025-06-02 13:59:31 DEBUG PackageRelationshipCollection:307 - Parsing relationship: /xl/worksheets/_rels/sheet1.xml.rels
2025-06-02 13:59:31 DEBUG PackageRelationshipCollection:307 - Parsing relationship: /_rels/.rels
2025-06-02 13:59:31 DEBUG POIXMLFactory:65 - using default POIXMLDocumentPart for http://schemas.openxmlformats.org/officeDocument/2006/relationships/printerSettings
2025-06-02 13:59:31 DEBUG PackageRelationshipCollection:307 - Parsing relationship: /xl/_rels/workbook.xml.rels
2025-06-02 13:59:31 DEBUG PackageRelationshipCollection:307 - Parsing relationship: /xl/worksheets/_rels/sheet1.xml.rels
2025-06-02 13:59:31 DEBUG PackageRelationshipCollection:307 - Parsing relationship: /_rels/.rels
2025-06-02 13:59:31 DEBUG POIXMLFactory:65 - using default POIXMLDocumentPart for http://schemas.openxmlformats.org/officeDocument/2006/relationships/printerSettings
2025-06-02 13:59:31 DEBUG PackageRelationshipCollection:307 - Parsing relationship: /xl/_rels/workbook.xml.rels
2025-06-02 13:59:31 DEBUG PackageRelationshipCollection:307 - Parsing relationship: /xl/worksheets/_rels/sheet1.xml.rels
2025-06-02 13:59:31 DEBUG PackageRelationshipCollection:307 - Parsing relationship: /_rels/.rels
2025-06-02 13:59:31 DEBUG POIXMLFactory:65 - using default POIXMLDocumentPart for http://schemas.openxmlformats.org/officeDocument/2006/relationships/printerSettings
2025-06-02 13:59:31 DEBUG PackageRelationshipCollection:307 - Parsing relationship: /xl/_rels/workbook.xml.rels
2025-06-02 13:59:31 DEBUG PackageRelationshipCollection:307 - Parsing relationship: /xl/worksheets/_rels/sheet1.xml.rels
2025-06-02 13:59:31 DEBUG PackageRelationshipCollection:307 - Parsing relationship: /_rels/.rels
2025-06-02 13:59:31 DEBUG POIXMLFactory:65 - using default POIXMLDocumentPart for http://schemas.openxmlformats.org/officeDocument/2006/relationships/printerSettings
2025-06-02 14:01:30 INFO  T001Registration:18 - ************ Starting T001Registration **************
2025-06-02 14:07:26 INFO  T001Registration:18 - ************ Starting T001Registration **************
2025-06-02 14:08:54 INFO  T001Registration:18 - ************ Starting T001Registration **************
2025-06-02 14:11:50 INFO  T001Registration:18 - ************ Starting T001Registration **************
2025-06-02 14:12:48 DEBUG PackageRelationshipCollection:307 - Parsing relationship: /xl/_rels/workbook.xml.rels
2025-06-02 14:12:49 DEBUG PackageRelationshipCollection:307 - Parsing relationship: /xl/worksheets/_rels/sheet1.xml.rels
2025-06-02 14:12:49 DEBUG PackageRelationshipCollection:307 - Parsing relationship: /_rels/.rels
2025-06-02 14:12:49 DEBUG POIXMLFactory:65 - using default POIXMLDocumentPart for http://schemas.openxmlformats.org/officeDocument/2006/relationships/printerSettings
2025-06-02 14:12:50 DEBUG PackageRelationshipCollection:307 - Parsing relationship: /xl/_rels/workbook.xml.rels
2025-06-02 14:12:50 DEBUG PackageRelationshipCollection:307 - Parsing relationship: /xl/worksheets/_rels/sheet1.xml.rels
2025-06-02 14:12:50 DEBUG PackageRelationshipCollection:307 - Parsing relationship: /_rels/.rels
2025-06-02 14:12:50 DEBUG POIXMLFactory:65 - using default POIXMLDocumentPart for http://schemas.openxmlformats.org/officeDocument/2006/relationships/printerSettings
2025-06-02 14:12:50 DEBUG PackageRelationshipCollection:307 - Parsing relationship: /xl/_rels/workbook.xml.rels
2025-06-02 14:12:50 DEBUG PackageRelationshipCollection:307 - Parsing relationship: /xl/worksheets/_rels/sheet1.xml.rels
2025-06-02 14:12:50 DEBUG PackageRelationshipCollection:307 - Parsing relationship: /_rels/.rels
2025-06-02 14:12:50 DEBUG POIXMLFactory:65 - using default POIXMLDocumentPart for http://schemas.openxmlformats.org/officeDocument/2006/relationships/printerSettings
2025-06-02 14:12:50 DEBUG PackageRelationshipCollection:307 - Parsing relationship: /xl/_rels/workbook.xml.rels
2025-06-02 14:12:50 DEBUG PackageRelationshipCollection:307 - Parsing relationship: /xl/worksheets/_rels/sheet1.xml.rels
2025-06-02 14:12:50 DEBUG PackageRelationshipCollection:307 - Parsing relationship: /_rels/.rels
2025-06-02 14:12:50 DEBUG POIXMLFactory:65 - using default POIXMLDocumentPart for http://schemas.openxmlformats.org/officeDocument/2006/relationships/printerSettings
2025-06-02 14:12:50 DEBUG PackageRelationshipCollection:307 - Parsing relationship: /xl/_rels/workbook.xml.rels
2025-06-02 14:12:50 DEBUG PackageRelationshipCollection:307 - Parsing relationship: /xl/worksheets/_rels/sheet1.xml.rels
2025-06-02 14:12:50 DEBUG PackageRelationshipCollection:307 - Parsing relationship: /_rels/.rels
2025-06-02 14:12:50 DEBUG POIXMLFactory:65 - using default POIXMLDocumentPart for http://schemas.openxmlformats.org/officeDocument/2006/relationships/printerSettings
2025-06-02 14:12:50 DEBUG PackageRelationshipCollection:307 - Parsing relationship: /xl/_rels/workbook.xml.rels
2025-06-02 14:12:50 DEBUG PackageRelationshipCollection:307 - Parsing relationship: /xl/worksheets/_rels/sheet1.xml.rels
2025-06-02 14:12:50 DEBUG PackageRelationshipCollection:307 - Parsing relationship: /_rels/.rels
2025-06-02 14:12:50 DEBUG POIXMLFactory:65 - using default POIXMLDocumentPart for http://schemas.openxmlformats.org/officeDocument/2006/relationships/printerSettings
2025-06-02 14:12:50 DEBUG PackageRelationshipCollection:307 - Parsing relationship: /xl/_rels/workbook.xml.rels
2025-06-02 14:12:50 DEBUG PackageRelationshipCollection:307 - Parsing relationship: /xl/worksheets/_rels/sheet1.xml.rels
2025-06-02 14:12:50 DEBUG PackageRelationshipCollection:307 - Parsing relationship: /_rels/.rels
2025-06-02 14:12:50 DEBUG POIXMLFactory:65 - using default POIXMLDocumentPart for http://schemas.openxmlformats.org/officeDocument/2006/relationships/printerSettings
2025-06-02 14:12:50 DEBUG PackageRelationshipCollection:307 - Parsing relationship: /xl/_rels/workbook.xml.rels
2025-06-02 14:12:50 DEBUG PackageRelationshipCollection:307 - Parsing relationship: /xl/worksheets/_rels/sheet1.xml.rels
2025-06-02 14:12:50 DEBUG PackageRelationshipCollection:307 - Parsing relationship: /_rels/.rels
2025-06-02 14:12:50 DEBUG POIXMLFactory:65 - using default POIXMLDocumentPart for http://schemas.openxmlformats.org/officeDocument/2006/relationships/printerSettings
2025-06-02 14:12:50 DEBUG PackageRelationshipCollection:307 - Parsing relationship: /xl/_rels/workbook.xml.rels
2025-06-02 14:12:50 DEBUG PackageRelationshipCollection:307 - Parsing relationship: /xl/worksheets/_rels/sheet1.xml.rels
2025-06-02 14:12:50 DEBUG PackageRelationshipCollection:307 - Parsing relationship: /_rels/.rels
2025-06-02 14:12:50 DEBUG POIXMLFactory:65 - using default POIXMLDocumentPart for http://schemas.openxmlformats.org/officeDocument/2006/relationships/printerSettings
2025-06-02 14:12:50 DEBUG PackageRelationshipCollection:307 - Parsing relationship: /xl/_rels/workbook.xml.rels
2025-06-02 14:12:50 DEBUG PackageRelationshipCollection:307 - Parsing relationship: /xl/worksheets/_rels/sheet1.xml.rels
2025-06-02 14:12:50 DEBUG PackageRelationshipCollection:307 - Parsing relationship: /_rels/.rels
2025-06-02 14:12:50 DEBUG POIXMLFactory:65 - using default POIXMLDocumentPart for http://schemas.openxmlformats.org/officeDocument/2006/relationships/printerSettings
2025-06-02 14:12:50 DEBUG PackageRelationshipCollection:307 - Parsing relationship: /xl/_rels/workbook.xml.rels
2025-06-02 14:12:50 DEBUG PackageRelationshipCollection:307 - Parsing relationship: /xl/worksheets/_rels/sheet1.xml.rels
2025-06-02 14:12:50 DEBUG PackageRelationshipCollection:307 - Parsing relationship: /_rels/.rels
2025-06-02 14:12:50 DEBUG POIXMLFactory:65 - using default POIXMLDocumentPart for http://schemas.openxmlformats.org/officeDocument/2006/relationships/printerSettings
2025-06-02 14:12:50 DEBUG PackageRelationshipCollection:307 - Parsing relationship: /xl/_rels/workbook.xml.rels
2025-06-02 14:12:50 DEBUG PackageRelationshipCollection:307 - Parsing relationship: /xl/worksheets/_rels/sheet1.xml.rels
2025-06-02 14:12:50 DEBUG PackageRelationshipCollection:307 - Parsing relationship: /_rels/.rels
2025-06-02 14:12:50 DEBUG POIXMLFactory:65 - using default POIXMLDocumentPart for http://schemas.openxmlformats.org/officeDocument/2006/relationships/printerSettings
2025-06-02 14:12:50 DEBUG PackageRelationshipCollection:307 - Parsing relationship: /xl/_rels/workbook.xml.rels
2025-06-02 14:12:50 DEBUG PackageRelationshipCollection:307 - Parsing relationship: /xl/worksheets/_rels/sheet1.xml.rels
2025-06-02 14:12:50 DEBUG PackageRelationshipCollection:307 - Parsing relationship: /_rels/.rels
2025-06-02 14:12:50 DEBUG POIXMLFactory:65 - using default POIXMLDocumentPart for http://schemas.openxmlformats.org/officeDocument/2006/relationships/printerSettings
2025-06-02 14:12:50 DEBUG PackageRelationshipCollection:307 - Parsing relationship: /xl/_rels/workbook.xml.rels
2025-06-02 14:12:50 DEBUG PackageRelationshipCollection:307 - Parsing relationship: /xl/worksheets/_rels/sheet1.xml.rels
2025-06-02 14:12:50 DEBUG PackageRelationshipCollection:307 - Parsing relationship: /_rels/.rels
2025-06-02 14:12:50 DEBUG POIXMLFactory:65 - using default POIXMLDocumentPart for http://schemas.openxmlformats.org/officeDocument/2006/relationships/printerSettings
2025-06-02 14:12:50 DEBUG PackageRelationshipCollection:307 - Parsing relationship: /xl/_rels/workbook.xml.rels
2025-06-02 14:12:50 DEBUG PackageRelationshipCollection:307 - Parsing relationship: /xl/worksheets/_rels/sheet1.xml.rels
2025-06-02 14:12:50 DEBUG PackageRelationshipCollection:307 - Parsing relationship: /_rels/.rels
2025-06-02 14:12:50 DEBUG POIXMLFactory:65 - using default POIXMLDocumentPart for http://schemas.openxmlformats.org/officeDocument/2006/relationships/printerSettings
2025-06-02 14:12:50 DEBUG PackageRelationshipCollection:307 - Parsing relationship: /xl/_rels/workbook.xml.rels
2025-06-02 14:12:50 DEBUG PackageRelationshipCollection:307 - Parsing relationship: /xl/worksheets/_rels/sheet1.xml.rels
2025-06-02 14:12:50 DEBUG PackageRelationshipCollection:307 - Parsing relationship: /_rels/.rels
2025-06-02 14:12:50 DEBUG POIXMLFactory:65 - using default POIXMLDocumentPart for http://schemas.openxmlformats.org/officeDocument/2006/relationships/printerSettings
2025-06-02 14:12:50 DEBUG PackageRelationshipCollection:307 - Parsing relationship: /xl/_rels/workbook.xml.rels
2025-06-02 14:12:50 DEBUG PackageRelationshipCollection:307 - Parsing relationship: /xl/worksheets/_rels/sheet1.xml.rels
2025-06-02 14:12:50 DEBUG PackageRelationshipCollection:307 - Parsing relationship: /_rels/.rels
2025-06-02 14:12:50 DEBUG POIXMLFactory:65 - using default POIXMLDocumentPart for http://schemas.openxmlformats.org/officeDocument/2006/relationships/printerSettings
2025-06-02 14:12:50 DEBUG PackageRelationshipCollection:307 - Parsing relationship: /xl/_rels/workbook.xml.rels
2025-06-02 14:12:50 DEBUG PackageRelationshipCollection:307 - Parsing relationship: /xl/worksheets/_rels/sheet1.xml.rels
2025-06-02 14:12:50 DEBUG PackageRelationshipCollection:307 - Parsing relationship: /_rels/.rels
2025-06-02 14:12:50 DEBUG POIXMLFactory:65 - using default POIXMLDocumentPart for http://schemas.openxmlformats.org/officeDocument/2006/relationships/printerSettings
2025-06-02 14:12:50 DEBUG PackageRelationshipCollection:307 - Parsing relationship: /xl/_rels/workbook.xml.rels
2025-06-02 14:12:50 DEBUG PackageRelationshipCollection:307 - Parsing relationship: /xl/worksheets/_rels/sheet1.xml.rels
2025-06-02 14:12:50 DEBUG PackageRelationshipCollection:307 - Parsing relationship: /_rels/.rels
2025-06-02 14:12:50 DEBUG POIXMLFactory:65 - using default POIXMLDocumentPart for http://schemas.openxmlformats.org/officeDocument/2006/relationships/printerSettings
2025-06-02 14:12:50 DEBUG PackageRelationshipCollection:307 - Parsing relationship: /xl/_rels/workbook.xml.rels
2025-06-02 14:12:50 DEBUG PackageRelationshipCollection:307 - Parsing relationship: /xl/worksheets/_rels/sheet1.xml.rels
2025-06-02 14:12:50 DEBUG PackageRelationshipCollection:307 - Parsing relationship: /_rels/.rels
2025-06-02 14:12:50 DEBUG POIXMLFactory:65 - using default POIXMLDocumentPart for http://schemas.openxmlformats.org/officeDocument/2006/relationships/printerSettings
2025-06-02 14:12:51 INFO  T003DDTLogin:16 - ***************** Starting T002LoginTest ***********************
2025-06-02 15:45:53 DEBUG PackageRelationshipCollection:307 - Parsing relationship: /xl/_rels/workbook.xml.rels
2025-06-02 15:45:53 DEBUG PackageRelationshipCollection:307 - Parsing relationship: /xl/worksheets/_rels/sheet1.xml.rels
2025-06-02 15:45:53 DEBUG PackageRelationshipCollection:307 - Parsing relationship: /_rels/.rels
2025-06-02 15:45:54 DEBUG POIXMLFactory:65 - using default POIXMLDocumentPart for http://schemas.openxmlformats.org/officeDocument/2006/relationships/printerSettings
2025-06-02 15:45:54 DEBUG PackageRelationshipCollection:307 - Parsing relationship: /xl/_rels/workbook.xml.rels
2025-06-02 15:45:54 DEBUG PackageRelationshipCollection:307 - Parsing relationship: /xl/worksheets/_rels/sheet1.xml.rels
2025-06-02 15:45:54 DEBUG PackageRelationshipCollection:307 - Parsing relationship: /_rels/.rels
2025-06-02 15:45:54 DEBUG POIXMLFactory:65 - using default POIXMLDocumentPart for http://schemas.openxmlformats.org/officeDocument/2006/relationships/printerSettings
2025-06-02 15:45:54 DEBUG PackageRelationshipCollection:307 - Parsing relationship: /xl/_rels/workbook.xml.rels
2025-06-02 15:45:54 DEBUG PackageRelationshipCollection:307 - Parsing relationship: /xl/worksheets/_rels/sheet1.xml.rels
2025-06-02 15:45:54 DEBUG PackageRelationshipCollection:307 - Parsing relationship: /_rels/.rels
2025-06-02 15:45:54 DEBUG POIXMLFactory:65 - using default POIXMLDocumentPart for http://schemas.openxmlformats.org/officeDocument/2006/relationships/printerSettings
2025-06-02 15:45:54 DEBUG PackageRelationshipCollection:307 - Parsing relationship: /xl/_rels/workbook.xml.rels
2025-06-02 15:45:54 DEBUG PackageRelationshipCollection:307 - Parsing relationship: /xl/worksheets/_rels/sheet1.xml.rels
2025-06-02 15:45:54 DEBUG PackageRelationshipCollection:307 - Parsing relationship: /_rels/.rels
2025-06-02 15:45:54 DEBUG POIXMLFactory:65 - using default POIXMLDocumentPart for http://schemas.openxmlformats.org/officeDocument/2006/relationships/printerSettings
2025-06-02 15:45:54 DEBUG PackageRelationshipCollection:307 - Parsing relationship: /xl/_rels/workbook.xml.rels
2025-06-02 15:45:54 DEBUG PackageRelationshipCollection:307 - Parsing relationship: /xl/worksheets/_rels/sheet1.xml.rels
2025-06-02 15:45:54 DEBUG PackageRelationshipCollection:307 - Parsing relationship: /_rels/.rels
2025-06-02 15:45:54 DEBUG POIXMLFactory:65 - using default POIXMLDocumentPart for http://schemas.openxmlformats.org/officeDocument/2006/relationships/printerSettings
2025-06-02 15:45:54 DEBUG PackageRelationshipCollection:307 - Parsing relationship: /xl/_rels/workbook.xml.rels
2025-06-02 15:45:54 DEBUG PackageRelationshipCollection:307 - Parsing relationship: /xl/worksheets/_rels/sheet1.xml.rels
2025-06-02 15:45:54 DEBUG PackageRelationshipCollection:307 - Parsing relationship: /_rels/.rels
2025-06-02 15:45:54 DEBUG POIXMLFactory:65 - using default POIXMLDocumentPart for http://schemas.openxmlformats.org/officeDocument/2006/relationships/printerSettings
2025-06-02 15:45:54 DEBUG PackageRelationshipCollection:307 - Parsing relationship: /xl/_rels/workbook.xml.rels
2025-06-02 15:45:54 DEBUG PackageRelationshipCollection:307 - Parsing relationship: /xl/worksheets/_rels/sheet1.xml.rels
2025-06-02 15:45:54 DEBUG PackageRelationshipCollection:307 - Parsing relationship: /_rels/.rels
2025-06-02 15:45:54 DEBUG POIXMLFactory:65 - using default POIXMLDocumentPart for http://schemas.openxmlformats.org/officeDocument/2006/relationships/printerSettings
2025-06-02 15:45:54 DEBUG PackageRelationshipCollection:307 - Parsing relationship: /xl/_rels/workbook.xml.rels
2025-06-02 15:45:54 DEBUG PackageRelationshipCollection:307 - Parsing relationship: /xl/worksheets/_rels/sheet1.xml.rels
2025-06-02 15:45:54 DEBUG PackageRelationshipCollection:307 - Parsing relationship: /_rels/.rels
2025-06-02 15:45:54 DEBUG POIXMLFactory:65 - using default POIXMLDocumentPart for http://schemas.openxmlformats.org/officeDocument/2006/relationships/printerSettings
2025-06-02 15:45:54 DEBUG PackageRelationshipCollection:307 - Parsing relationship: /xl/_rels/workbook.xml.rels
2025-06-02 15:45:54 DEBUG PackageRelationshipCollection:307 - Parsing relationship: /xl/worksheets/_rels/sheet1.xml.rels
2025-06-02 15:45:54 DEBUG PackageRelationshipCollection:307 - Parsing relationship: /_rels/.rels
2025-06-02 15:45:55 DEBUG POIXMLFactory:65 - using default POIXMLDocumentPart for http://schemas.openxmlformats.org/officeDocument/2006/relationships/printerSettings
2025-06-02 15:45:55 DEBUG PackageRelationshipCollection:307 - Parsing relationship: /xl/_rels/workbook.xml.rels
2025-06-02 15:45:55 DEBUG PackageRelationshipCollection:307 - Parsing relationship: /xl/worksheets/_rels/sheet1.xml.rels
2025-06-02 15:45:55 DEBUG PackageRelationshipCollection:307 - Parsing relationship: /_rels/.rels
2025-06-02 15:45:55 DEBUG POIXMLFactory:65 - using default POIXMLDocumentPart for http://schemas.openxmlformats.org/officeDocument/2006/relationships/printerSettings
2025-06-02 15:45:55 DEBUG PackageRelationshipCollection:307 - Parsing relationship: /xl/_rels/workbook.xml.rels
2025-06-02 15:45:55 DEBUG PackageRelationshipCollection:307 - Parsing relationship: /xl/worksheets/_rels/sheet1.xml.rels
2025-06-02 15:45:55 DEBUG PackageRelationshipCollection:307 - Parsing relationship: /_rels/.rels
2025-06-02 15:45:55 DEBUG POIXMLFactory:65 - using default POIXMLDocumentPart for http://schemas.openxmlformats.org/officeDocument/2006/relationships/printerSettings
2025-06-02 15:45:55 DEBUG PackageRelationshipCollection:307 - Parsing relationship: /xl/_rels/workbook.xml.rels
2025-06-02 15:45:55 DEBUG PackageRelationshipCollection:307 - Parsing relationship: /xl/worksheets/_rels/sheet1.xml.rels
2025-06-02 15:45:55 DEBUG PackageRelationshipCollection:307 - Parsing relationship: /_rels/.rels
2025-06-02 15:45:55 DEBUG POIXMLFactory:65 - using default POIXMLDocumentPart for http://schemas.openxmlformats.org/officeDocument/2006/relationships/printerSettings
2025-06-02 15:45:55 DEBUG PackageRelationshipCollection:307 - Parsing relationship: /xl/_rels/workbook.xml.rels
2025-06-02 15:45:55 DEBUG PackageRelationshipCollection:307 - Parsing relationship: /xl/worksheets/_rels/sheet1.xml.rels
2025-06-02 15:45:55 DEBUG PackageRelationshipCollection:307 - Parsing relationship: /_rels/.rels
2025-06-02 15:45:55 DEBUG POIXMLFactory:65 - using default POIXMLDocumentPart for http://schemas.openxmlformats.org/officeDocument/2006/relationships/printerSettings
2025-06-02 15:45:55 DEBUG PackageRelationshipCollection:307 - Parsing relationship: /xl/_rels/workbook.xml.rels
2025-06-02 15:45:55 DEBUG PackageRelationshipCollection:307 - Parsing relationship: /xl/worksheets/_rels/sheet1.xml.rels
2025-06-02 15:45:55 DEBUG PackageRelationshipCollection:307 - Parsing relationship: /_rels/.rels
2025-06-02 15:45:55 DEBUG POIXMLFactory:65 - using default POIXMLDocumentPart for http://schemas.openxmlformats.org/officeDocument/2006/relationships/printerSettings
2025-06-02 15:45:55 DEBUG PackageRelationshipCollection:307 - Parsing relationship: /xl/_rels/workbook.xml.rels
2025-06-02 15:45:55 DEBUG PackageRelationshipCollection:307 - Parsing relationship: /xl/worksheets/_rels/sheet1.xml.rels
2025-06-02 15:45:55 DEBUG PackageRelationshipCollection:307 - Parsing relationship: /_rels/.rels
2025-06-02 15:45:55 DEBUG POIXMLFactory:65 - using default POIXMLDocumentPart for http://schemas.openxmlformats.org/officeDocument/2006/relationships/printerSettings
2025-06-02 15:45:55 DEBUG PackageRelationshipCollection:307 - Parsing relationship: /xl/_rels/workbook.xml.rels
2025-06-02 15:45:55 DEBUG PackageRelationshipCollection:307 - Parsing relationship: /xl/worksheets/_rels/sheet1.xml.rels
2025-06-02 15:45:55 DEBUG PackageRelationshipCollection:307 - Parsing relationship: /_rels/.rels
2025-06-02 15:45:55 DEBUG POIXMLFactory:65 - using default POIXMLDocumentPart for http://schemas.openxmlformats.org/officeDocument/2006/relationships/printerSettings
2025-06-02 15:45:55 DEBUG PackageRelationshipCollection:307 - Parsing relationship: /xl/_rels/workbook.xml.rels
2025-06-02 15:45:55 DEBUG PackageRelationshipCollection:307 - Parsing relationship: /xl/worksheets/_rels/sheet1.xml.rels
2025-06-02 15:45:55 DEBUG PackageRelationshipCollection:307 - Parsing relationship: /_rels/.rels
2025-06-02 15:45:55 DEBUG POIXMLFactory:65 - using default POIXMLDocumentPart for http://schemas.openxmlformats.org/officeDocument/2006/relationships/printerSettings
2025-06-02 15:45:55 DEBUG PackageRelationshipCollection:307 - Parsing relationship: /xl/_rels/workbook.xml.rels
2025-06-02 15:45:55 DEBUG PackageRelationshipCollection:307 - Parsing relationship: /xl/worksheets/_rels/sheet1.xml.rels
2025-06-02 15:45:55 DEBUG PackageRelationshipCollection:307 - Parsing relationship: /_rels/.rels
2025-06-02 15:45:55 DEBUG POIXMLFactory:65 - using default POIXMLDocumentPart for http://schemas.openxmlformats.org/officeDocument/2006/relationships/printerSettings
2025-06-02 15:45:55 DEBUG PackageRelationshipCollection:307 - Parsing relationship: /xl/_rels/workbook.xml.rels
2025-06-02 15:45:55 DEBUG PackageRelationshipCollection:307 - Parsing relationship: /xl/worksheets/_rels/sheet1.xml.rels
2025-06-02 15:45:55 DEBUG PackageRelationshipCollection:307 - Parsing relationship: /_rels/.rels
2025-06-02 15:45:55 DEBUG POIXMLFactory:65 - using default POIXMLDocumentPart for http://schemas.openxmlformats.org/officeDocument/2006/relationships/printerSettings
2025-06-02 15:45:55 DEBUG PackageRelationshipCollection:307 - Parsing relationship: /xl/_rels/workbook.xml.rels
2025-06-02 15:45:55 DEBUG PackageRelationshipCollection:307 - Parsing relationship: /xl/worksheets/_rels/sheet1.xml.rels
2025-06-02 15:45:55 DEBUG PackageRelationshipCollection:307 - Parsing relationship: /_rels/.rels
2025-06-02 15:45:55 DEBUG POIXMLFactory:65 - using default POIXMLDocumentPart for http://schemas.openxmlformats.org/officeDocument/2006/relationships/printerSettings
2025-06-02 15:45:55 INFO  T003DDTLogin:16 - ***************** Starting T002LoginTest ***********************
2025-06-02 19:30:01 INFO  T001Registration:18 - ************ Starting T001Registration **************
2025-06-02 19:30:01 INFO  T001Registration:24 - ************ click My Account **************
2025-06-02 19:30:03 INFO  T001Registration:27 - ************ click on Register **************
2025-06-02 19:30:03 INFO  T001Registration:31 - ************ customer details **************
2025-06-02 19:30:08 INFO  T001Registration:46 - ************ confirmation massage **************
2025-06-02 19:30:08 INFO  T001Registration:59 - ************ Finish T001Registration **************
2025-06-02 19:30:48 INFO  T001Registration:18 - ************ Starting T001Registration **************
2025-06-02 19:30:48 INFO  T001Registration:24 - ************ click My Account **************
2025-06-02 19:30:49 INFO  T001Registration:27 - ************ click on Register **************
2025-06-02 19:30:49 INFO  T001Registration:31 - ************ customer details **************
2025-06-02 19:30:51 INFO  T001Registration:46 - ************ confirmation massage **************
2025-06-02 19:30:51 INFO  T001Registration:59 - ************ Finish T001Registration **************
2025-06-02 19:30:56 INFO  T002LoginTest:15 - ***************** Starting T002LoginTest ***********************
2025-06-02 19:30:56 INFO  T002LoginTest:21 - ************ click My Account **************
2025-06-02 19:30:56 INFO  T002LoginTest:24 - ************ click on Login **************
2025-06-02 19:30:56 INFO  T002LoginTest:28 - ************ customer details **************
2025-06-02 19:30:57 INFO  T002LoginTest:36 - ************ account details **************
2025-06-02 19:30:58 INFO  T002LoginTest:43 - ************ Finish T002LoginTest **************
2025-06-02 19:31:02 DEBUG PackageRelationshipCollection:307 - Parsing relationship: /xl/_rels/workbook.xml.rels
2025-06-02 19:31:02 DEBUG PackageRelationshipCollection:307 - Parsing relationship: /xl/worksheets/_rels/sheet1.xml.rels
2025-06-02 19:31:02 DEBUG PackageRelationshipCollection:307 - Parsing relationship: /_rels/.rels
2025-06-02 19:31:03 DEBUG POIXMLFactory:65 - using default POIXMLDocumentPart for http://schemas.openxmlformats.org/officeDocument/2006/relationships/printerSettings
2025-06-02 19:31:03 DEBUG PackageRelationshipCollection:307 - Parsing relationship: /xl/_rels/workbook.xml.rels
2025-06-02 19:31:03 DEBUG PackageRelationshipCollection:307 - Parsing relationship: /xl/worksheets/_rels/sheet1.xml.rels
2025-06-02 19:31:03 DEBUG PackageRelationshipCollection:307 - Parsing relationship: /_rels/.rels
2025-06-02 19:31:03 DEBUG POIXMLFactory:65 - using default POIXMLDocumentPart for http://schemas.openxmlformats.org/officeDocument/2006/relationships/printerSettings
2025-06-02 19:31:03 DEBUG PackageRelationshipCollection:307 - Parsing relationship: /xl/_rels/workbook.xml.rels
2025-06-02 19:31:03 DEBUG PackageRelationshipCollection:307 - Parsing relationship: /xl/worksheets/_rels/sheet1.xml.rels
2025-06-02 19:31:03 DEBUG PackageRelationshipCollection:307 - Parsing relationship: /_rels/.rels
2025-06-02 19:31:03 DEBUG POIXMLFactory:65 - using default POIXMLDocumentPart for http://schemas.openxmlformats.org/officeDocument/2006/relationships/printerSettings
2025-06-02 19:31:03 DEBUG PackageRelationshipCollection:307 - Parsing relationship: /xl/_rels/workbook.xml.rels
2025-06-02 19:31:03 DEBUG PackageRelationshipCollection:307 - Parsing relationship: /xl/worksheets/_rels/sheet1.xml.rels
2025-06-02 19:31:03 DEBUG PackageRelationshipCollection:307 - Parsing relationship: /_rels/.rels
2025-06-02 19:31:04 DEBUG POIXMLFactory:65 - using default POIXMLDocumentPart for http://schemas.openxmlformats.org/officeDocument/2006/relationships/printerSettings
2025-06-02 19:31:04 DEBUG PackageRelationshipCollection:307 - Parsing relationship: /xl/_rels/workbook.xml.rels
2025-06-02 19:31:04 DEBUG PackageRelationshipCollection:307 - Parsing relationship: /xl/worksheets/_rels/sheet1.xml.rels
2025-06-02 19:31:04 DEBUG PackageRelationshipCollection:307 - Parsing relationship: /_rels/.rels
2025-06-02 19:31:04 DEBUG POIXMLFactory:65 - using default POIXMLDocumentPart for http://schemas.openxmlformats.org/officeDocument/2006/relationships/printerSettings
2025-06-02 19:31:04 DEBUG PackageRelationshipCollection:307 - Parsing relationship: /xl/_rels/workbook.xml.rels
2025-06-02 19:31:04 DEBUG PackageRelationshipCollection:307 - Parsing relationship: /xl/worksheets/_rels/sheet1.xml.rels
2025-06-02 19:31:04 DEBUG PackageRelationshipCollection:307 - Parsing relationship: /_rels/.rels
2025-06-02 19:31:04 DEBUG POIXMLFactory:65 - using default POIXMLDocumentPart for http://schemas.openxmlformats.org/officeDocument/2006/relationships/printerSettings
2025-06-02 19:31:04 DEBUG PackageRelationshipCollection:307 - Parsing relationship: /xl/_rels/workbook.xml.rels
2025-06-02 19:31:04 DEBUG PackageRelationshipCollection:307 - Parsing relationship: /xl/worksheets/_rels/sheet1.xml.rels
2025-06-02 19:31:04 DEBUG PackageRelationshipCollection:307 - Parsing relationship: /_rels/.rels
2025-06-02 19:31:04 DEBUG POIXMLFactory:65 - using default POIXMLDocumentPart for http://schemas.openxmlformats.org/officeDocument/2006/relationships/printerSettings
2025-06-02 19:31:04 DEBUG PackageRelationshipCollection:307 - Parsing relationship: /xl/_rels/workbook.xml.rels
2025-06-02 19:31:04 DEBUG PackageRelationshipCollection:307 - Parsing relationship: /xl/worksheets/_rels/sheet1.xml.rels
2025-06-02 19:31:04 DEBUG PackageRelationshipCollection:307 - Parsing relationship: /_rels/.rels
2025-06-02 19:31:04 DEBUG POIXMLFactory:65 - using default POIXMLDocumentPart for http://schemas.openxmlformats.org/officeDocument/2006/relationships/printerSettings
2025-06-02 19:31:04 DEBUG PackageRelationshipCollection:307 - Parsing relationship: /xl/_rels/workbook.xml.rels
2025-06-02 19:31:04 DEBUG PackageRelationshipCollection:307 - Parsing relationship: /xl/worksheets/_rels/sheet1.xml.rels
2025-06-02 19:31:04 DEBUG PackageRelationshipCollection:307 - Parsing relationship: /_rels/.rels
2025-06-02 19:31:04 DEBUG POIXMLFactory:65 - using default POIXMLDocumentPart for http://schemas.openxmlformats.org/officeDocument/2006/relationships/printerSettings
2025-06-02 19:31:04 DEBUG PackageRelationshipCollection:307 - Parsing relationship: /xl/_rels/workbook.xml.rels
2025-06-02 19:31:04 DEBUG PackageRelationshipCollection:307 - Parsing relationship: /xl/worksheets/_rels/sheet1.xml.rels
2025-06-02 19:31:04 DEBUG PackageRelationshipCollection:307 - Parsing relationship: /_rels/.rels
2025-06-02 19:31:04 DEBUG POIXMLFactory:65 - using default POIXMLDocumentPart for http://schemas.openxmlformats.org/officeDocument/2006/relationships/printerSettings
2025-06-02 19:31:04 DEBUG PackageRelationshipCollection:307 - Parsing relationship: /xl/_rels/workbook.xml.rels
2025-06-02 19:31:04 DEBUG PackageRelationshipCollection:307 - Parsing relationship: /xl/worksheets/_rels/sheet1.xml.rels
2025-06-02 19:31:04 DEBUG PackageRelationshipCollection:307 - Parsing relationship: /_rels/.rels
2025-06-02 19:31:04 DEBUG POIXMLFactory:65 - using default POIXMLDocumentPart for http://schemas.openxmlformats.org/officeDocument/2006/relationships/printerSettings
2025-06-02 19:31:04 DEBUG PackageRelationshipCollection:307 - Parsing relationship: /xl/_rels/workbook.xml.rels
2025-06-02 19:31:04 DEBUG PackageRelationshipCollection:307 - Parsing relationship: /xl/worksheets/_rels/sheet1.xml.rels
2025-06-02 19:31:04 DEBUG PackageRelationshipCollection:307 - Parsing relationship: /_rels/.rels
2025-06-02 19:31:04 DEBUG POIXMLFactory:65 - using default POIXMLDocumentPart for http://schemas.openxmlformats.org/officeDocument/2006/relationships/printerSettings
2025-06-02 19:31:04 DEBUG PackageRelationshipCollection:307 - Parsing relationship: /xl/_rels/workbook.xml.rels
2025-06-02 19:31:04 DEBUG PackageRelationshipCollection:307 - Parsing relationship: /xl/worksheets/_rels/sheet1.xml.rels
2025-06-02 19:31:04 DEBUG PackageRelationshipCollection:307 - Parsing relationship: /_rels/.rels
2025-06-02 19:31:04 DEBUG POIXMLFactory:65 - using default POIXMLDocumentPart for http://schemas.openxmlformats.org/officeDocument/2006/relationships/printerSettings
2025-06-02 19:31:04 DEBUG PackageRelationshipCollection:307 - Parsing relationship: /xl/_rels/workbook.xml.rels
2025-06-02 19:31:04 DEBUG PackageRelationshipCollection:307 - Parsing relationship: /xl/worksheets/_rels/sheet1.xml.rels
2025-06-02 19:31:04 DEBUG PackageRelationshipCollection:307 - Parsing relationship: /_rels/.rels
2025-06-02 19:31:04 DEBUG POIXMLFactory:65 - using default POIXMLDocumentPart for http://schemas.openxmlformats.org/officeDocument/2006/relationships/printerSettings
2025-06-02 19:31:04 DEBUG PackageRelationshipCollection:307 - Parsing relationship: /xl/_rels/workbook.xml.rels
2025-06-02 19:31:04 DEBUG PackageRelationshipCollection:307 - Parsing relationship: /xl/worksheets/_rels/sheet1.xml.rels
2025-06-02 19:31:04 DEBUG PackageRelationshipCollection:307 - Parsing relationship: /_rels/.rels
2025-06-02 19:31:04 DEBUG POIXMLFactory:65 - using default POIXMLDocumentPart for http://schemas.openxmlformats.org/officeDocument/2006/relationships/printerSettings
2025-06-02 19:31:04 DEBUG PackageRelationshipCollection:307 - Parsing relationship: /xl/_rels/workbook.xml.rels
2025-06-02 19:31:04 DEBUG PackageRelationshipCollection:307 - Parsing relationship: /xl/worksheets/_rels/sheet1.xml.rels
2025-06-02 19:31:04 DEBUG PackageRelationshipCollection:307 - Parsing relationship: /_rels/.rels
2025-06-02 19:31:04 DEBUG POIXMLFactory:65 - using default POIXMLDocumentPart for http://schemas.openxmlformats.org/officeDocument/2006/relationships/printerSettings
2025-06-02 19:31:05 DEBUG PackageRelationshipCollection:307 - Parsing relationship: /xl/_rels/workbook.xml.rels
2025-06-02 19:31:05 DEBUG PackageRelationshipCollection:307 - Parsing relationship: /xl/worksheets/_rels/sheet1.xml.rels
2025-06-02 19:31:05 DEBUG PackageRelationshipCollection:307 - Parsing relationship: /_rels/.rels
2025-06-02 19:31:05 DEBUG POIXMLFactory:65 - using default POIXMLDocumentPart for http://schemas.openxmlformats.org/officeDocument/2006/relationships/printerSettings
2025-06-02 19:31:05 DEBUG PackageRelationshipCollection:307 - Parsing relationship: /xl/_rels/workbook.xml.rels
2025-06-02 19:31:05 DEBUG PackageRelationshipCollection:307 - Parsing relationship: /xl/worksheets/_rels/sheet1.xml.rels
2025-06-02 19:31:05 DEBUG PackageRelationshipCollection:307 - Parsing relationship: /_rels/.rels
2025-06-02 19:31:05 DEBUG POIXMLFactory:65 - using default POIXMLDocumentPart for http://schemas.openxmlformats.org/officeDocument/2006/relationships/printerSettings
2025-06-02 19:31:05 DEBUG PackageRelationshipCollection:307 - Parsing relationship: /xl/_rels/workbook.xml.rels
2025-06-02 19:31:05 DEBUG PackageRelationshipCollection:307 - Parsing relationship: /xl/worksheets/_rels/sheet1.xml.rels
2025-06-02 19:31:05 DEBUG PackageRelationshipCollection:307 - Parsing relationship: /_rels/.rels
2025-06-02 19:31:05 DEBUG POIXMLFactory:65 - using default POIXMLDocumentPart for http://schemas.openxmlformats.org/officeDocument/2006/relationships/printerSettings
2025-06-02 19:31:05 DEBUG PackageRelationshipCollection:307 - Parsing relationship: /xl/_rels/workbook.xml.rels
2025-06-02 19:31:05 DEBUG PackageRelationshipCollection:307 - Parsing relationship: /xl/worksheets/_rels/sheet1.xml.rels
2025-06-02 19:31:05 DEBUG PackageRelationshipCollection:307 - Parsing relationship: /_rels/.rels
2025-06-02 19:31:05 DEBUG POIXMLFactory:65 - using default POIXMLDocumentPart for http://schemas.openxmlformats.org/officeDocument/2006/relationships/printerSettings
2025-06-02 19:31:05 INFO  T003DDTLogin:16 - ***************** Starting T002LoginTest ***********************
2025-06-02 19:31:05 INFO  T003DDTLogin:23 - ************ click My Account **************
2025-06-02 19:31:06 INFO  T003DDTLogin:26 - ************ click on Login **************
2025-06-02 19:31:06 INFO  T003DDTLogin:31 - ************ customer details **************
2025-06-02 19:31:07 INFO  T003DDTLogin:40 - ************ account validation **************
2025-06-02 19:31:17 INFO  T003DDTLogin:16 - ***************** Starting T002LoginTest ***********************
2025-06-02 19:31:17 INFO  T003DDTLogin:23 - ************ click My Account **************
2025-06-02 19:31:18 INFO  T003DDTLogin:26 - ************ click on Login **************
2025-06-02 19:31:18 INFO  T003DDTLogin:31 - ************ customer details **************
2025-06-02 19:31:20 INFO  T003DDTLogin:40 - ************ account validation **************
2025-06-02 19:31:21 INFO  T003DDTLogin:16 - ***************** Starting T002LoginTest ***********************
2025-06-02 19:31:21 INFO  T003DDTLogin:23 - ************ click My Account **************
2025-06-02 19:31:21 INFO  T003DDTLogin:26 - ************ click on Login **************
2025-06-02 19:31:21 INFO  T003DDTLogin:31 - ************ customer details **************
2025-06-02 19:31:23 INFO  T003DDTLogin:40 - ************ account validation **************
2025-06-02 19:31:23 INFO  T003DDTLogin:69 - ***************** Finish T002LoginTest ***********************
2025-06-02 19:31:23 INFO  T003DDTLogin:16 - ***************** Starting T002LoginTest ***********************
2025-06-02 19:31:24 INFO  T003DDTLogin:23 - ************ click My Account **************
2025-06-02 19:31:24 INFO  T003DDTLogin:26 - ************ click on Login **************
2025-06-02 19:31:24 INFO  T003DDTLogin:31 - ************ customer details **************
2025-06-02 19:31:25 INFO  T003DDTLogin:40 - ************ account validation **************
2025-06-02 19:31:35 INFO  T003DDTLogin:69 - ***************** Finish T002LoginTest ***********************
2025-06-02 19:31:35 INFO  T003DDTLogin:16 - ***************** Starting T002LoginTest ***********************
2025-06-02 19:31:35 INFO  T003DDTLogin:23 - ************ click My Account **************
2025-06-02 19:31:36 INFO  T003DDTLogin:26 - ************ click on Login **************
2025-06-02 19:31:36 INFO  T003DDTLogin:31 - ************ customer details **************
2025-06-02 19:31:38 INFO  T003DDTLogin:40 - ************ account validation **************
2025-06-02 19:31:39 INFO  T003DDTLogin:16 - ***************** Starting T002LoginTest ***********************
2025-06-02 19:31:39 INFO  T003DDTLogin:23 - ************ click My Account **************
2025-06-02 19:31:39 INFO  T003DDTLogin:26 - ************ click on Login **************
2025-06-02 19:31:39 INFO  T003DDTLogin:31 - ************ customer details **************
2025-06-02 19:31:40 INFO  T003DDTLogin:40 - ************ account validation **************
2025-06-02 19:31:42 INFO  T003DDTLogin:69 - ***************** Finish T002LoginTest ***********************
2025-06-02 19:37:43 INFO  T001Registration:18 - ************ Starting T001Registration **************
2025-06-02 19:37:43 INFO  T001Registration:24 - ************ click My Account **************
2025-06-02 19:37:44 INFO  T001Registration:27 - ************ click on Register **************
2025-06-02 19:37:44 INFO  T001Registration:31 - ************ customer details **************
2025-06-02 19:37:46 INFO  T001Registration:46 - ************ confirmation massage **************
2025-06-02 19:37:46 INFO  T001Registration:59 - ************ Finish T001Registration **************
2025-06-02 19:37:49 INFO  T002LoginTest:15 - ***************** Starting T002LoginTest ***********************
2025-06-02 19:37:49 INFO  T002LoginTest:21 - ************ click My Account **************
2025-06-02 19:37:50 INFO  T002LoginTest:24 - ************ click on Login **************
2025-06-02 19:37:50 INFO  T002LoginTest:28 - ************ customer details **************
2025-06-02 19:37:51 INFO  T002LoginTest:36 - ************ account details **************
2025-06-02 19:37:51 INFO  T002LoginTest:43 - ************ Finish T002LoginTest **************
2025-06-02 19:37:54 DEBUG PackageRelationshipCollection:307 - Parsing relationship: /xl/_rels/workbook.xml.rels
2025-06-02 19:37:54 DEBUG PackageRelationshipCollection:307 - Parsing relationship: /xl/worksheets/_rels/sheet1.xml.rels
2025-06-02 19:37:54 DEBUG PackageRelationshipCollection:307 - Parsing relationship: /_rels/.rels
2025-06-02 19:37:55 DEBUG POIXMLFactory:65 - using default POIXMLDocumentPart for http://schemas.openxmlformats.org/officeDocument/2006/relationships/printerSettings
2025-06-02 19:37:55 DEBUG PackageRelationshipCollection:307 - Parsing relationship: /xl/_rels/workbook.xml.rels
2025-06-02 19:37:55 DEBUG PackageRelationshipCollection:307 - Parsing relationship: /xl/worksheets/_rels/sheet1.xml.rels
2025-06-02 19:37:55 DEBUG PackageRelationshipCollection:307 - Parsing relationship: /_rels/.rels
2025-06-02 19:37:55 DEBUG POIXMLFactory:65 - using default POIXMLDocumentPart for http://schemas.openxmlformats.org/officeDocument/2006/relationships/printerSettings
2025-06-02 19:37:55 DEBUG PackageRelationshipCollection:307 - Parsing relationship: /xl/_rels/workbook.xml.rels
2025-06-02 19:37:55 DEBUG PackageRelationshipCollection:307 - Parsing relationship: /xl/worksheets/_rels/sheet1.xml.rels
2025-06-02 19:37:55 DEBUG PackageRelationshipCollection:307 - Parsing relationship: /_rels/.rels
2025-06-02 19:37:55 DEBUG POIXMLFactory:65 - using default POIXMLDocumentPart for http://schemas.openxmlformats.org/officeDocument/2006/relationships/printerSettings
2025-06-02 19:37:55 DEBUG PackageRelationshipCollection:307 - Parsing relationship: /xl/_rels/workbook.xml.rels
2025-06-02 19:37:55 DEBUG PackageRelationshipCollection:307 - Parsing relationship: /xl/worksheets/_rels/sheet1.xml.rels
2025-06-02 19:37:55 DEBUG PackageRelationshipCollection:307 - Parsing relationship: /_rels/.rels
2025-06-02 19:37:55 DEBUG POIXMLFactory:65 - using default POIXMLDocumentPart for http://schemas.openxmlformats.org/officeDocument/2006/relationships/printerSettings
2025-06-02 19:37:55 DEBUG PackageRelationshipCollection:307 - Parsing relationship: /xl/_rels/workbook.xml.rels
2025-06-02 19:37:55 DEBUG PackageRelationshipCollection:307 - Parsing relationship: /xl/worksheets/_rels/sheet1.xml.rels
2025-06-02 19:37:55 DEBUG PackageRelationshipCollection:307 - Parsing relationship: /_rels/.rels
2025-06-02 19:37:55 DEBUG POIXMLFactory:65 - using default POIXMLDocumentPart for http://schemas.openxmlformats.org/officeDocument/2006/relationships/printerSettings
2025-06-02 19:37:55 DEBUG PackageRelationshipCollection:307 - Parsing relationship: /xl/_rels/workbook.xml.rels
2025-06-02 19:37:55 DEBUG PackageRelationshipCollection:307 - Parsing relationship: /xl/worksheets/_rels/sheet1.xml.rels
2025-06-02 19:37:55 DEBUG PackageRelationshipCollection:307 - Parsing relationship: /_rels/.rels
2025-06-02 19:37:55 DEBUG POIXMLFactory:65 - using default POIXMLDocumentPart for http://schemas.openxmlformats.org/officeDocument/2006/relationships/printerSettings
2025-06-02 19:37:55 DEBUG PackageRelationshipCollection:307 - Parsing relationship: /xl/_rels/workbook.xml.rels
2025-06-02 19:37:55 DEBUG PackageRelationshipCollection:307 - Parsing relationship: /xl/worksheets/_rels/sheet1.xml.rels
2025-06-02 19:37:55 DEBUG PackageRelationshipCollection:307 - Parsing relationship: /_rels/.rels
2025-06-02 19:37:55 DEBUG POIXMLFactory:65 - using default POIXMLDocumentPart for http://schemas.openxmlformats.org/officeDocument/2006/relationships/printerSettings
2025-06-02 19:37:55 DEBUG PackageRelationshipCollection:307 - Parsing relationship: /xl/_rels/workbook.xml.rels
2025-06-02 19:37:55 DEBUG PackageRelationshipCollection:307 - Parsing relationship: /xl/worksheets/_rels/sheet1.xml.rels
2025-06-02 19:37:55 DEBUG PackageRelationshipCollection:307 - Parsing relationship: /_rels/.rels
2025-06-02 19:37:55 DEBUG POIXMLFactory:65 - using default POIXMLDocumentPart for http://schemas.openxmlformats.org/officeDocument/2006/relationships/printerSettings
2025-06-02 19:37:55 DEBUG PackageRelationshipCollection:307 - Parsing relationship: /xl/_rels/workbook.xml.rels
2025-06-02 19:37:55 DEBUG PackageRelationshipCollection:307 - Parsing relationship: /xl/worksheets/_rels/sheet1.xml.rels
2025-06-02 19:37:55 DEBUG PackageRelationshipCollection:307 - Parsing relationship: /_rels/.rels
2025-06-02 19:37:56 DEBUG POIXMLFactory:65 - using default POIXMLDocumentPart for http://schemas.openxmlformats.org/officeDocument/2006/relationships/printerSettings
2025-06-02 19:37:56 DEBUG PackageRelationshipCollection:307 - Parsing relationship: /xl/_rels/workbook.xml.rels
2025-06-02 19:37:56 DEBUG PackageRelationshipCollection:307 - Parsing relationship: /xl/worksheets/_rels/sheet1.xml.rels
2025-06-02 19:37:56 DEBUG PackageRelationshipCollection:307 - Parsing relationship: /_rels/.rels
2025-06-02 19:37:56 DEBUG POIXMLFactory:65 - using default POIXMLDocumentPart for http://schemas.openxmlformats.org/officeDocument/2006/relationships/printerSettings
2025-06-02 19:37:56 DEBUG PackageRelationshipCollection:307 - Parsing relationship: /xl/_rels/workbook.xml.rels
2025-06-02 19:37:56 DEBUG PackageRelationshipCollection:307 - Parsing relationship: /xl/worksheets/_rels/sheet1.xml.rels
2025-06-02 19:37:56 DEBUG PackageRelationshipCollection:307 - Parsing relationship: /_rels/.rels
2025-06-02 19:37:56 DEBUG POIXMLFactory:65 - using default POIXMLDocumentPart for http://schemas.openxmlformats.org/officeDocument/2006/relationships/printerSettings
2025-06-02 19:37:56 DEBUG PackageRelationshipCollection:307 - Parsing relationship: /xl/_rels/workbook.xml.rels
2025-06-02 19:37:56 DEBUG PackageRelationshipCollection:307 - Parsing relationship: /xl/worksheets/_rels/sheet1.xml.rels
2025-06-02 19:37:56 DEBUG PackageRelationshipCollection:307 - Parsing relationship: /_rels/.rels
2025-06-02 19:37:56 DEBUG POIXMLFactory:65 - using default POIXMLDocumentPart for http://schemas.openxmlformats.org/officeDocument/2006/relationships/printerSettings
2025-06-02 19:37:56 DEBUG PackageRelationshipCollection:307 - Parsing relationship: /xl/_rels/workbook.xml.rels
2025-06-02 19:37:56 DEBUG PackageRelationshipCollection:307 - Parsing relationship: /xl/worksheets/_rels/sheet1.xml.rels
2025-06-02 19:37:56 DEBUG PackageRelationshipCollection:307 - Parsing relationship: /_rels/.rels
2025-06-02 19:37:56 DEBUG POIXMLFactory:65 - using default POIXMLDocumentPart for http://schemas.openxmlformats.org/officeDocument/2006/relationships/printerSettings
2025-06-02 19:37:56 DEBUG PackageRelationshipCollection:307 - Parsing relationship: /xl/_rels/workbook.xml.rels
2025-06-02 19:37:56 DEBUG PackageRelationshipCollection:307 - Parsing relationship: /xl/worksheets/_rels/sheet1.xml.rels
2025-06-02 19:37:56 DEBUG PackageRelationshipCollection:307 - Parsing relationship: /_rels/.rels
2025-06-02 19:37:56 DEBUG POIXMLFactory:65 - using default POIXMLDocumentPart for http://schemas.openxmlformats.org/officeDocument/2006/relationships/printerSettings
2025-06-02 19:37:56 DEBUG PackageRelationshipCollection:307 - Parsing relationship: /xl/_rels/workbook.xml.rels
2025-06-02 19:37:56 DEBUG PackageRelationshipCollection:307 - Parsing relationship: /xl/worksheets/_rels/sheet1.xml.rels
2025-06-02 19:37:56 DEBUG PackageRelationshipCollection:307 - Parsing relationship: /_rels/.rels
2025-06-02 19:37:56 DEBUG POIXMLFactory:65 - using default POIXMLDocumentPart for http://schemas.openxmlformats.org/officeDocument/2006/relationships/printerSettings
2025-06-02 19:37:56 DEBUG PackageRelationshipCollection:307 - Parsing relationship: /xl/_rels/workbook.xml.rels
2025-06-02 19:37:56 DEBUG PackageRelationshipCollection:307 - Parsing relationship: /xl/worksheets/_rels/sheet1.xml.rels
2025-06-02 19:37:56 DEBUG PackageRelationshipCollection:307 - Parsing relationship: /_rels/.rels
2025-06-02 19:37:56 DEBUG POIXMLFactory:65 - using default POIXMLDocumentPart for http://schemas.openxmlformats.org/officeDocument/2006/relationships/printerSettings
2025-06-02 19:37:56 DEBUG PackageRelationshipCollection:307 - Parsing relationship: /xl/_rels/workbook.xml.rels
2025-06-02 19:37:56 DEBUG PackageRelationshipCollection:307 - Parsing relationship: /xl/worksheets/_rels/sheet1.xml.rels
2025-06-02 19:37:56 DEBUG PackageRelationshipCollection:307 - Parsing relationship: /_rels/.rels
2025-06-02 19:37:56 DEBUG POIXMLFactory:65 - using default POIXMLDocumentPart for http://schemas.openxmlformats.org/officeDocument/2006/relationships/printerSettings
2025-06-02 19:37:56 DEBUG PackageRelationshipCollection:307 - Parsing relationship: /xl/_rels/workbook.xml.rels
2025-06-02 19:37:56 DEBUG PackageRelationshipCollection:307 - Parsing relationship: /xl/worksheets/_rels/sheet1.xml.rels
2025-06-02 19:37:56 DEBUG PackageRelationshipCollection:307 - Parsing relationship: /_rels/.rels
2025-06-02 19:37:56 DEBUG POIXMLFactory:65 - using default POIXMLDocumentPart for http://schemas.openxmlformats.org/officeDocument/2006/relationships/printerSettings
2025-06-02 19:37:56 DEBUG PackageRelationshipCollection:307 - Parsing relationship: /xl/_rels/workbook.xml.rels
2025-06-02 19:37:56 DEBUG PackageRelationshipCollection:307 - Parsing relationship: /xl/worksheets/_rels/sheet1.xml.rels
2025-06-02 19:37:56 DEBUG PackageRelationshipCollection:307 - Parsing relationship: /_rels/.rels
2025-06-02 19:37:56 DEBUG POIXMLFactory:65 - using default POIXMLDocumentPart for http://schemas.openxmlformats.org/officeDocument/2006/relationships/printerSettings
2025-06-02 19:37:56 DEBUG PackageRelationshipCollection:307 - Parsing relationship: /xl/_rels/workbook.xml.rels
2025-06-02 19:37:56 DEBUG PackageRelationshipCollection:307 - Parsing relationship: /xl/worksheets/_rels/sheet1.xml.rels
2025-06-02 19:37:56 DEBUG PackageRelationshipCollection:307 - Parsing relationship: /_rels/.rels
2025-06-02 19:37:56 DEBUG POIXMLFactory:65 - using default POIXMLDocumentPart for http://schemas.openxmlformats.org/officeDocument/2006/relationships/printerSettings
2025-06-02 19:37:56 INFO  T003DDTLogin:16 - ***************** Starting T002LoginTest ***********************
2025-06-02 19:37:57 INFO  T003DDTLogin:23 - ************ click My Account **************
2025-06-02 19:37:57 INFO  T003DDTLogin:26 - ************ click on Login **************
2025-06-02 19:37:57 INFO  T003DDTLogin:31 - ************ customer details **************
2025-06-02 19:37:59 INFO  T003DDTLogin:40 - ************ account validation **************
2025-06-02 19:38:10 INFO  T003DDTLogin:16 - ***************** Starting T002LoginTest ***********************
2025-06-02 19:38:10 INFO  T003DDTLogin:23 - ************ click My Account **************
2025-06-02 19:38:11 INFO  T003DDTLogin:26 - ************ click on Login **************
2025-06-02 19:38:11 INFO  T003DDTLogin:31 - ************ customer details **************
2025-06-02 19:38:12 INFO  T003DDTLogin:40 - ************ account validation **************
2025-06-02 19:38:13 INFO  T003DDTLogin:16 - ***************** Starting T002LoginTest ***********************
2025-06-02 19:38:13 INFO  T003DDTLogin:23 - ************ click My Account **************
2025-06-02 19:38:14 INFO  T003DDTLogin:26 - ************ click on Login **************
2025-06-02 19:38:14 INFO  T003DDTLogin:31 - ************ customer details **************
2025-06-02 19:38:14 INFO  T003DDTLogin:40 - ************ account validation **************
2025-06-02 19:38:16 INFO  T003DDTLogin:69 - ***************** Finish T002LoginTest ***********************
2025-06-02 19:38:16 INFO  T003DDTLogin:16 - ***************** Starting T002LoginTest ***********************
2025-06-02 19:38:16 INFO  T003DDTLogin:23 - ************ click My Account **************
2025-06-02 19:38:17 INFO  T003DDTLogin:26 - ************ click on Login **************
2025-06-02 19:38:17 INFO  T003DDTLogin:31 - ************ customer details **************
2025-06-02 19:38:17 INFO  T003DDTLogin:40 - ************ account validation **************
2025-06-02 19:38:28 INFO  T003DDTLogin:69 - ***************** Finish T002LoginTest ***********************
2025-06-02 19:38:28 INFO  T003DDTLogin:16 - ***************** Starting T002LoginTest ***********************
2025-06-02 19:38:28 INFO  T003DDTLogin:23 - ************ click My Account **************
2025-06-02 19:38:29 INFO  T003DDTLogin:26 - ************ click on Login **************
2025-06-02 19:38:29 INFO  T003DDTLogin:31 - ************ customer details **************
2025-06-02 19:38:29 INFO  T003DDTLogin:40 - ************ account validation **************
2025-06-02 19:38:31 INFO  T003DDTLogin:16 - ***************** Starting T002LoginTest ***********************
2025-06-02 19:38:31 INFO  T003DDTLogin:23 - ************ click My Account **************
2025-06-02 19:38:31 INFO  T003DDTLogin:26 - ************ click on Login **************
2025-06-02 19:38:31 INFO  T003DDTLogin:31 - ************ customer details **************
2025-06-02 19:38:32 INFO  T003DDTLogin:40 - ************ account validation **************
2025-06-02 19:38:33 INFO  T003DDTLogin:69 - ***************** Finish T002LoginTest ***********************
2025-06-02 19:52:10 DEBUG PackageRelationshipCollection:307 - Parsing relationship: /xl/_rels/workbook.xml.rels
2025-06-02 19:52:10 DEBUG PackageRelationshipCollection:307 - Parsing relationship: /xl/worksheets/_rels/sheet1.xml.rels
2025-06-02 19:52:10 DEBUG PackageRelationshipCollection:307 - Parsing relationship: /_rels/.rels
2025-06-02 19:52:11 DEBUG POIXMLFactory:65 - using default POIXMLDocumentPart for http://schemas.openxmlformats.org/officeDocument/2006/relationships/printerSettings
2025-06-02 19:52:11 DEBUG PackageRelationshipCollection:307 - Parsing relationship: /xl/_rels/workbook.xml.rels
2025-06-02 19:52:11 DEBUG PackageRelationshipCollection:307 - Parsing relationship: /xl/worksheets/_rels/sheet1.xml.rels
2025-06-02 19:52:11 DEBUG PackageRelationshipCollection:307 - Parsing relationship: /_rels/.rels
2025-06-02 19:52:11 DEBUG POIXMLFactory:65 - using default POIXMLDocumentPart for http://schemas.openxmlformats.org/officeDocument/2006/relationships/printerSettings
2025-06-02 19:52:12 DEBUG PackageRelationshipCollection:307 - Parsing relationship: /xl/_rels/workbook.xml.rels
2025-06-02 19:52:12 DEBUG PackageRelationshipCollection:307 - Parsing relationship: /xl/worksheets/_rels/sheet1.xml.rels
2025-06-02 19:52:12 DEBUG PackageRelationshipCollection:307 - Parsing relationship: /_rels/.rels
2025-06-02 19:52:12 DEBUG POIXMLFactory:65 - using default POIXMLDocumentPart for http://schemas.openxmlformats.org/officeDocument/2006/relationships/printerSettings
2025-06-02 19:52:12 DEBUG PackageRelationshipCollection:307 - Parsing relationship: /xl/_rels/workbook.xml.rels
2025-06-02 19:52:12 DEBUG PackageRelationshipCollection:307 - Parsing relationship: /xl/worksheets/_rels/sheet1.xml.rels
2025-06-02 19:52:12 DEBUG PackageRelationshipCollection:307 - Parsing relationship: /_rels/.rels
2025-06-02 19:52:12 DEBUG POIXMLFactory:65 - using default POIXMLDocumentPart for http://schemas.openxmlformats.org/officeDocument/2006/relationships/printerSettings
2025-06-02 19:52:12 DEBUG PackageRelationshipCollection:307 - Parsing relationship: /xl/_rels/workbook.xml.rels
2025-06-02 19:52:12 DEBUG PackageRelationshipCollection:307 - Parsing relationship: /xl/worksheets/_rels/sheet1.xml.rels
2025-06-02 19:52:12 DEBUG PackageRelationshipCollection:307 - Parsing relationship: /_rels/.rels
2025-06-02 19:52:12 DEBUG POIXMLFactory:65 - using default POIXMLDocumentPart for http://schemas.openxmlformats.org/officeDocument/2006/relationships/printerSettings
2025-06-02 19:52:12 DEBUG PackageRelationshipCollection:307 - Parsing relationship: /xl/_rels/workbook.xml.rels
2025-06-02 19:52:12 DEBUG PackageRelationshipCollection:307 - Parsing relationship: /xl/worksheets/_rels/sheet1.xml.rels
2025-06-02 19:52:12 DEBUG PackageRelationshipCollection:307 - Parsing relationship: /_rels/.rels
2025-06-02 19:52:12 DEBUG POIXMLFactory:65 - using default POIXMLDocumentPart for http://schemas.openxmlformats.org/officeDocument/2006/relationships/printerSettings
2025-06-02 19:52:12 DEBUG PackageRelationshipCollection:307 - Parsing relationship: /xl/_rels/workbook.xml.rels
2025-06-02 19:52:12 DEBUG PackageRelationshipCollection:307 - Parsing relationship: /xl/worksheets/_rels/sheet1.xml.rels
2025-06-02 19:52:12 DEBUG PackageRelationshipCollection:307 - Parsing relationship: /_rels/.rels
2025-06-02 19:52:12 DEBUG POIXMLFactory:65 - using default POIXMLDocumentPart for http://schemas.openxmlformats.org/officeDocument/2006/relationships/printerSettings
2025-06-02 19:52:12 DEBUG PackageRelationshipCollection:307 - Parsing relationship: /xl/_rels/workbook.xml.rels
2025-06-02 19:52:12 DEBUG PackageRelationshipCollection:307 - Parsing relationship: /xl/worksheets/_rels/sheet1.xml.rels
2025-06-02 19:52:12 DEBUG PackageRelationshipCollection:307 - Parsing relationship: /_rels/.rels
2025-06-02 19:52:12 DEBUG POIXMLFactory:65 - using default POIXMLDocumentPart for http://schemas.openxmlformats.org/officeDocument/2006/relationships/printerSettings
2025-06-02 19:52:12 DEBUG PackageRelationshipCollection:307 - Parsing relationship: /xl/_rels/workbook.xml.rels
2025-06-02 19:52:12 DEBUG PackageRelationshipCollection:307 - Parsing relationship: /xl/worksheets/_rels/sheet1.xml.rels
2025-06-02 19:52:12 DEBUG PackageRelationshipCollection:307 - Parsing relationship: /_rels/.rels
2025-06-02 19:52:13 DEBUG POIXMLFactory:65 - using default POIXMLDocumentPart for http://schemas.openxmlformats.org/officeDocument/2006/relationships/printerSettings
2025-06-02 19:52:13 DEBUG PackageRelationshipCollection:307 - Parsing relationship: /xl/_rels/workbook.xml.rels
2025-06-02 19:52:13 DEBUG PackageRelationshipCollection:307 - Parsing relationship: /xl/worksheets/_rels/sheet1.xml.rels
2025-06-02 19:52:13 DEBUG PackageRelationshipCollection:307 - Parsing relationship: /_rels/.rels
2025-06-02 19:52:13 DEBUG POIXMLFactory:65 - using default POIXMLDocumentPart for http://schemas.openxmlformats.org/officeDocument/2006/relationships/printerSettings
2025-06-02 19:52:13 DEBUG PackageRelationshipCollection:307 - Parsing relationship: /xl/_rels/workbook.xml.rels
2025-06-02 19:52:13 DEBUG PackageRelationshipCollection:307 - Parsing relationship: /xl/worksheets/_rels/sheet1.xml.rels
2025-06-02 19:52:13 DEBUG PackageRelationshipCollection:307 - Parsing relationship: /_rels/.rels
2025-06-02 19:52:13 DEBUG POIXMLFactory:65 - using default POIXMLDocumentPart for http://schemas.openxmlformats.org/officeDocument/2006/relationships/printerSettings
2025-06-02 19:52:13 DEBUG PackageRelationshipCollection:307 - Parsing relationship: /xl/_rels/workbook.xml.rels
2025-06-02 19:52:13 DEBUG PackageRelationshipCollection:307 - Parsing relationship: /xl/worksheets/_rels/sheet1.xml.rels
2025-06-02 19:52:13 DEBUG PackageRelationshipCollection:307 - Parsing relationship: /_rels/.rels
2025-06-02 19:52:13 DEBUG POIXMLFactory:65 - using default POIXMLDocumentPart for http://schemas.openxmlformats.org/officeDocument/2006/relationships/printerSettings
2025-06-02 19:52:13 DEBUG PackageRelationshipCollection:307 - Parsing relationship: /xl/_rels/workbook.xml.rels
2025-06-02 19:52:13 DEBUG PackageRelationshipCollection:307 - Parsing relationship: /xl/worksheets/_rels/sheet1.xml.rels
2025-06-02 19:52:13 DEBUG PackageRelationshipCollection:307 - Parsing relationship: /_rels/.rels
2025-06-02 19:52:13 DEBUG POIXMLFactory:65 - using default POIXMLDocumentPart for http://schemas.openxmlformats.org/officeDocument/2006/relationships/printerSettings
2025-06-02 19:52:13 DEBUG PackageRelationshipCollection:307 - Parsing relationship: /xl/_rels/workbook.xml.rels
2025-06-02 19:52:13 DEBUG PackageRelationshipCollection:307 - Parsing relationship: /xl/worksheets/_rels/sheet1.xml.rels
2025-06-02 19:52:13 DEBUG PackageRelationshipCollection:307 - Parsing relationship: /_rels/.rels
2025-06-02 19:52:13 DEBUG POIXMLFactory:65 - using default POIXMLDocumentPart for http://schemas.openxmlformats.org/officeDocument/2006/relationships/printerSettings
2025-06-02 19:52:13 DEBUG PackageRelationshipCollection:307 - Parsing relationship: /xl/_rels/workbook.xml.rels
2025-06-02 19:52:13 DEBUG PackageRelationshipCollection:307 - Parsing relationship: /xl/worksheets/_rels/sheet1.xml.rels
2025-06-02 19:52:13 DEBUG PackageRelationshipCollection:307 - Parsing relationship: /_rels/.rels
2025-06-02 19:52:13 DEBUG POIXMLFactory:65 - using default POIXMLDocumentPart for http://schemas.openxmlformats.org/officeDocument/2006/relationships/printerSettings
2025-06-02 19:52:13 DEBUG PackageRelationshipCollection:307 - Parsing relationship: /xl/_rels/workbook.xml.rels
2025-06-02 19:52:13 DEBUG PackageRelationshipCollection:307 - Parsing relationship: /xl/worksheets/_rels/sheet1.xml.rels
2025-06-02 19:52:13 DEBUG PackageRelationshipCollection:307 - Parsing relationship: /_rels/.rels
2025-06-02 19:52:13 DEBUG POIXMLFactory:65 - using default POIXMLDocumentPart for http://schemas.openxmlformats.org/officeDocument/2006/relationships/printerSettings
2025-06-02 19:52:13 DEBUG PackageRelationshipCollection:307 - Parsing relationship: /xl/_rels/workbook.xml.rels
2025-06-02 19:52:13 DEBUG PackageRelationshipCollection:307 - Parsing relationship: /xl/worksheets/_rels/sheet1.xml.rels
2025-06-02 19:52:13 DEBUG PackageRelationshipCollection:307 - Parsing relationship: /_rels/.rels
2025-06-02 19:52:13 DEBUG POIXMLFactory:65 - using default POIXMLDocumentPart for http://schemas.openxmlformats.org/officeDocument/2006/relationships/printerSettings
2025-06-02 19:52:13 DEBUG PackageRelationshipCollection:307 - Parsing relationship: /xl/_rels/workbook.xml.rels
2025-06-02 19:52:13 DEBUG PackageRelationshipCollection:307 - Parsing relationship: /xl/worksheets/_rels/sheet1.xml.rels
2025-06-02 19:52:13 DEBUG PackageRelationshipCollection:307 - Parsing relationship: /_rels/.rels
2025-06-02 19:52:13 DEBUG POIXMLFactory:65 - using default POIXMLDocumentPart for http://schemas.openxmlformats.org/officeDocument/2006/relationships/printerSettings
2025-06-02 19:52:13 DEBUG PackageRelationshipCollection:307 - Parsing relationship: /xl/_rels/workbook.xml.rels
2025-06-02 19:52:13 DEBUG PackageRelationshipCollection:307 - Parsing relationship: /xl/worksheets/_rels/sheet1.xml.rels
2025-06-02 19:52:13 DEBUG PackageRelationshipCollection:307 - Parsing relationship: /_rels/.rels
2025-06-02 19:52:14 DEBUG POIXMLFactory:65 - using default POIXMLDocumentPart for http://schemas.openxmlformats.org/officeDocument/2006/relationships/printerSettings
2025-06-02 19:52:14 DEBUG PackageRelationshipCollection:307 - Parsing relationship: /xl/_rels/workbook.xml.rels
2025-06-02 19:52:14 DEBUG PackageRelationshipCollection:307 - Parsing relationship: /xl/worksheets/_rels/sheet1.xml.rels
2025-06-02 19:52:14 DEBUG PackageRelationshipCollection:307 - Parsing relationship: /_rels/.rels
2025-06-02 19:52:14 DEBUG POIXMLFactory:65 - using default POIXMLDocumentPart for http://schemas.openxmlformats.org/officeDocument/2006/relationships/printerSettings
2025-06-02 19:52:14 INFO  T003DDTLogin:16 - ***************** Starting T002LoginTest ***********************
2025-06-02 19:52:14 INFO  T003DDTLogin:23 - ************ click My Account **************
2025-06-02 19:52:14 INFO  T003DDTLogin:26 - ************ click on Login **************
2025-06-02 19:52:14 INFO  T003DDTLogin:31 - ************ customer details **************
2025-06-02 19:52:15 INFO  T003DDTLogin:40 - ************ account validation **************
2025-06-02 19:52:26 INFO  T003DDTLogin:16 - ***************** Starting T002LoginTest ***********************
2025-06-02 19:52:26 INFO  T003DDTLogin:23 - ************ click My Account **************
2025-06-02 19:52:26 INFO  T003DDTLogin:26 - ************ click on Login **************
2025-06-02 19:52:26 INFO  T003DDTLogin:31 - ************ customer details **************
2025-06-02 19:52:27 INFO  T003DDTLogin:40 - ************ account validation **************
2025-06-02 19:52:29 INFO  T003DDTLogin:16 - ***************** Starting T002LoginTest ***********************
2025-06-02 19:52:29 INFO  T003DDTLogin:23 - ************ click My Account **************
2025-06-02 19:52:29 INFO  T003DDTLogin:26 - ************ click on Login **************
2025-06-02 19:52:29 INFO  T003DDTLogin:31 - ************ customer details **************
2025-06-02 19:52:30 INFO  T003DDTLogin:40 - ************ account validation **************
2025-06-02 19:52:32 INFO  T003DDTLogin:69 - ***************** Finish T002LoginTest ***********************
2025-06-02 19:52:32 INFO  T003DDTLogin:16 - ***************** Starting T002LoginTest ***********************
2025-06-02 19:52:32 INFO  T003DDTLogin:23 - ************ click My Account **************
2025-06-02 19:52:32 INFO  T003DDTLogin:26 - ************ click on Login **************
2025-06-02 19:52:32 INFO  T003DDTLogin:31 - ************ customer details **************
2025-06-02 19:52:33 INFO  T003DDTLogin:40 - ************ account validation **************
2025-06-02 19:52:44 INFO  T003DDTLogin:69 - ***************** Finish T002LoginTest ***********************
2025-06-02 19:52:44 INFO  T003DDTLogin:16 - ***************** Starting T002LoginTest ***********************
2025-06-02 19:52:44 INFO  T003DDTLogin:23 - ************ click My Account **************
2025-06-02 19:52:44 INFO  T003DDTLogin:26 - ************ click on Login **************
2025-06-02 19:52:44 INFO  T003DDTLogin:31 - ************ customer details **************
2025-06-02 19:52:45 INFO  T003DDTLogin:40 - ************ account validation **************
2025-06-02 19:52:46 INFO  T003DDTLogin:16 - ***************** Starting T002LoginTest ***********************
2025-06-02 19:52:46 INFO  T003DDTLogin:23 - ************ click My Account **************
2025-06-02 19:52:46 INFO  T003DDTLogin:26 - ************ click on Login **************
2025-06-02 19:52:46 INFO  T003DDTLogin:31 - ************ customer details **************
2025-06-02 19:52:47 INFO  T003DDTLogin:40 - ************ account validation **************
2025-06-02 19:52:48 INFO  T003DDTLogin:69 - ***************** Finish T002LoginTest ***********************
2025-06-02 20:09:10 DEBUG PackageRelationshipCollection:307 - Parsing relationship: /xl/_rels/workbook.xml.rels
2025-06-02 20:09:10 DEBUG PackageRelationshipCollection:307 - Parsing relationship: /xl/worksheets/_rels/sheet1.xml.rels
2025-06-02 20:09:10 DEBUG PackageRelationshipCollection:307 - Parsing relationship: /_rels/.rels
2025-06-02 20:09:11 DEBUG POIXMLFactory:65 - using default POIXMLDocumentPart for http://schemas.openxmlformats.org/officeDocument/2006/relationships/printerSettings
2025-06-02 20:09:11 DEBUG PackageRelationshipCollection:307 - Parsing relationship: /xl/_rels/workbook.xml.rels
2025-06-02 20:09:11 DEBUG PackageRelationshipCollection:307 - Parsing relationship: /xl/worksheets/_rels/sheet1.xml.rels
2025-06-02 20:09:11 DEBUG PackageRelationshipCollection:307 - Parsing relationship: /_rels/.rels
2025-06-02 20:09:11 DEBUG POIXMLFactory:65 - using default POIXMLDocumentPart for http://schemas.openxmlformats.org/officeDocument/2006/relationships/printerSettings
2025-06-02 20:09:11 DEBUG PackageRelationshipCollection:307 - Parsing relationship: /xl/_rels/workbook.xml.rels
2025-06-02 20:09:11 DEBUG PackageRelationshipCollection:307 - Parsing relationship: /xl/worksheets/_rels/sheet1.xml.rels
2025-06-02 20:09:11 DEBUG PackageRelationshipCollection:307 - Parsing relationship: /_rels/.rels
2025-06-02 20:09:11 DEBUG POIXMLFactory:65 - using default POIXMLDocumentPart for http://schemas.openxmlformats.org/officeDocument/2006/relationships/printerSettings
2025-06-02 20:09:11 DEBUG PackageRelationshipCollection:307 - Parsing relationship: /xl/_rels/workbook.xml.rels
2025-06-02 20:09:11 DEBUG PackageRelationshipCollection:307 - Parsing relationship: /xl/worksheets/_rels/sheet1.xml.rels
2025-06-02 20:09:11 DEBUG PackageRelationshipCollection:307 - Parsing relationship: /_rels/.rels
2025-06-02 20:09:11 DEBUG POIXMLFactory:65 - using default POIXMLDocumentPart for http://schemas.openxmlformats.org/officeDocument/2006/relationships/printerSettings
2025-06-02 20:09:11 DEBUG PackageRelationshipCollection:307 - Parsing relationship: /xl/_rels/workbook.xml.rels
2025-06-02 20:09:11 DEBUG PackageRelationshipCollection:307 - Parsing relationship: /xl/worksheets/_rels/sheet1.xml.rels
2025-06-02 20:09:11 DEBUG PackageRelationshipCollection:307 - Parsing relationship: /_rels/.rels
2025-06-02 20:09:11 DEBUG POIXMLFactory:65 - using default POIXMLDocumentPart for http://schemas.openxmlformats.org/officeDocument/2006/relationships/printerSettings
2025-06-02 20:09:11 DEBUG PackageRelationshipCollection:307 - Parsing relationship: /xl/_rels/workbook.xml.rels
2025-06-02 20:09:11 DEBUG PackageRelationshipCollection:307 - Parsing relationship: /xl/worksheets/_rels/sheet1.xml.rels
2025-06-02 20:09:11 DEBUG PackageRelationshipCollection:307 - Parsing relationship: /_rels/.rels
2025-06-02 20:09:11 DEBUG POIXMLFactory:65 - using default POIXMLDocumentPart for http://schemas.openxmlformats.org/officeDocument/2006/relationships/printerSettings
2025-06-02 20:09:11 DEBUG PackageRelationshipCollection:307 - Parsing relationship: /xl/_rels/workbook.xml.rels
2025-06-02 20:09:11 DEBUG PackageRelationshipCollection:307 - Parsing relationship: /xl/worksheets/_rels/sheet1.xml.rels
2025-06-02 20:09:11 DEBUG PackageRelationshipCollection:307 - Parsing relationship: /_rels/.rels
2025-06-02 20:09:11 DEBUG POIXMLFactory:65 - using default POIXMLDocumentPart for http://schemas.openxmlformats.org/officeDocument/2006/relationships/printerSettings
2025-06-02 20:09:11 DEBUG PackageRelationshipCollection:307 - Parsing relationship: /xl/_rels/workbook.xml.rels
2025-06-02 20:09:11 DEBUG PackageRelationshipCollection:307 - Parsing relationship: /xl/worksheets/_rels/sheet1.xml.rels
2025-06-02 20:09:11 DEBUG PackageRelationshipCollection:307 - Parsing relationship: /_rels/.rels
2025-06-02 20:09:11 DEBUG POIXMLFactory:65 - using default POIXMLDocumentPart for http://schemas.openxmlformats.org/officeDocument/2006/relationships/printerSettings
2025-06-02 20:09:12 DEBUG PackageRelationshipCollection:307 - Parsing relationship: /xl/_rels/workbook.xml.rels
2025-06-02 20:09:12 DEBUG PackageRelationshipCollection:307 - Parsing relationship: /xl/worksheets/_rels/sheet1.xml.rels
2025-06-02 20:09:12 DEBUG PackageRelationshipCollection:307 - Parsing relationship: /_rels/.rels
2025-06-02 20:09:12 DEBUG POIXMLFactory:65 - using default POIXMLDocumentPart for http://schemas.openxmlformats.org/officeDocument/2006/relationships/printerSettings
2025-06-02 20:09:12 DEBUG PackageRelationshipCollection:307 - Parsing relationship: /xl/_rels/workbook.xml.rels
2025-06-02 20:09:12 DEBUG PackageRelationshipCollection:307 - Parsing relationship: /xl/worksheets/_rels/sheet1.xml.rels
2025-06-02 20:09:12 DEBUG PackageRelationshipCollection:307 - Parsing relationship: /_rels/.rels
2025-06-02 20:09:12 DEBUG POIXMLFactory:65 - using default POIXMLDocumentPart for http://schemas.openxmlformats.org/officeDocument/2006/relationships/printerSettings
2025-06-02 20:09:12 DEBUG PackageRelationshipCollection:307 - Parsing relationship: /xl/_rels/workbook.xml.rels
2025-06-02 20:09:12 DEBUG PackageRelationshipCollection:307 - Parsing relationship: /xl/worksheets/_rels/sheet1.xml.rels
2025-06-02 20:09:12 DEBUG PackageRelationshipCollection:307 - Parsing relationship: /_rels/.rels
2025-06-02 20:09:12 DEBUG POIXMLFactory:65 - using default POIXMLDocumentPart for http://schemas.openxmlformats.org/officeDocument/2006/relationships/printerSettings
2025-06-02 20:09:12 DEBUG PackageRelationshipCollection:307 - Parsing relationship: /xl/_rels/workbook.xml.rels
2025-06-02 20:09:12 DEBUG PackageRelationshipCollection:307 - Parsing relationship: /xl/worksheets/_rels/sheet1.xml.rels
2025-06-02 20:09:12 DEBUG PackageRelationshipCollection:307 - Parsing relationship: /_rels/.rels
2025-06-02 20:09:12 DEBUG POIXMLFactory:65 - using default POIXMLDocumentPart for http://schemas.openxmlformats.org/officeDocument/2006/relationships/printerSettings
2025-06-02 20:09:12 DEBUG PackageRelationshipCollection:307 - Parsing relationship: /xl/_rels/workbook.xml.rels
2025-06-02 20:09:12 DEBUG PackageRelationshipCollection:307 - Parsing relationship: /xl/worksheets/_rels/sheet1.xml.rels
2025-06-02 20:09:12 DEBUG PackageRelationshipCollection:307 - Parsing relationship: /_rels/.rels
2025-06-02 20:09:12 DEBUG POIXMLFactory:65 - using default POIXMLDocumentPart for http://schemas.openxmlformats.org/officeDocument/2006/relationships/printerSettings
2025-06-02 20:09:12 DEBUG PackageRelationshipCollection:307 - Parsing relationship: /xl/_rels/workbook.xml.rels
2025-06-02 20:09:12 DEBUG PackageRelationshipCollection:307 - Parsing relationship: /xl/worksheets/_rels/sheet1.xml.rels
2025-06-02 20:09:12 DEBUG PackageRelationshipCollection:307 - Parsing relationship: /_rels/.rels
2025-06-02 20:09:12 DEBUG POIXMLFactory:65 - using default POIXMLDocumentPart for http://schemas.openxmlformats.org/officeDocument/2006/relationships/printerSettings
2025-06-02 20:09:12 DEBUG PackageRelationshipCollection:307 - Parsing relationship: /xl/_rels/workbook.xml.rels
2025-06-02 20:09:12 DEBUG PackageRelationshipCollection:307 - Parsing relationship: /xl/worksheets/_rels/sheet1.xml.rels
2025-06-02 20:09:12 DEBUG PackageRelationshipCollection:307 - Parsing relationship: /_rels/.rels
2025-06-02 20:09:12 DEBUG POIXMLFactory:65 - using default POIXMLDocumentPart for http://schemas.openxmlformats.org/officeDocument/2006/relationships/printerSettings
2025-06-02 20:09:12 DEBUG PackageRelationshipCollection:307 - Parsing relationship: /xl/_rels/workbook.xml.rels
2025-06-02 20:09:12 DEBUG PackageRelationshipCollection:307 - Parsing relationship: /xl/worksheets/_rels/sheet1.xml.rels
2025-06-02 20:09:12 DEBUG PackageRelationshipCollection:307 - Parsing relationship: /_rels/.rels
2025-06-02 20:09:12 DEBUG POIXMLFactory:65 - using default POIXMLDocumentPart for http://schemas.openxmlformats.org/officeDocument/2006/relationships/printerSettings
2025-06-02 20:09:12 DEBUG PackageRelationshipCollection:307 - Parsing relationship: /xl/_rels/workbook.xml.rels
2025-06-02 20:09:12 DEBUG PackageRelationshipCollection:307 - Parsing relationship: /xl/worksheets/_rels/sheet1.xml.rels
2025-06-02 20:09:12 DEBUG PackageRelationshipCollection:307 - Parsing relationship: /_rels/.rels
2025-06-02 20:09:12 DEBUG POIXMLFactory:65 - using default POIXMLDocumentPart for http://schemas.openxmlformats.org/officeDocument/2006/relationships/printerSettings
2025-06-02 20:09:12 DEBUG PackageRelationshipCollection:307 - Parsing relationship: /xl/_rels/workbook.xml.rels
2025-06-02 20:09:12 DEBUG PackageRelationshipCollection:307 - Parsing relationship: /xl/worksheets/_rels/sheet1.xml.rels
2025-06-02 20:09:12 DEBUG PackageRelationshipCollection:307 - Parsing relationship: /_rels/.rels
2025-06-02 20:09:12 DEBUG POIXMLFactory:65 - using default POIXMLDocumentPart for http://schemas.openxmlformats.org/officeDocument/2006/relationships/printerSettings
2025-06-02 20:09:12 DEBUG PackageRelationshipCollection:307 - Parsing relationship: /xl/_rels/workbook.xml.rels
2025-06-02 20:09:12 DEBUG PackageRelationshipCollection:307 - Parsing relationship: /xl/worksheets/_rels/sheet1.xml.rels
2025-06-02 20:09:12 DEBUG PackageRelationshipCollection:307 - Parsing relationship: /_rels/.rels
2025-06-02 20:09:12 DEBUG POIXMLFactory:65 - using default POIXMLDocumentPart for http://schemas.openxmlformats.org/officeDocument/2006/relationships/printerSettings
2025-06-02 20:09:12 DEBUG PackageRelationshipCollection:307 - Parsing relationship: /xl/_rels/workbook.xml.rels
2025-06-02 20:09:12 DEBUG PackageRelationshipCollection:307 - Parsing relationship: /xl/worksheets/_rels/sheet1.xml.rels
2025-06-02 20:09:12 DEBUG PackageRelationshipCollection:307 - Parsing relationship: /_rels/.rels
2025-06-02 20:09:12 DEBUG POIXMLFactory:65 - using default POIXMLDocumentPart for http://schemas.openxmlformats.org/officeDocument/2006/relationships/printerSettings
2025-06-02 20:09:12 INFO  T003DDTLogin:16 - ***************** Starting T002LoginTest ***********************
2025-06-02 20:09:12 INFO  T003DDTLogin:23 - ************ click My Account **************
2025-06-02 20:09:13 INFO  T003DDTLogin:26 - ************ click on Login **************
2025-06-02 20:09:13 INFO  T003DDTLogin:31 - ************ customer details **************
2025-06-02 20:09:13 INFO  T003DDTLogin:40 - ************ account validation **************
2025-06-02 20:09:24 INFO  T003DDTLogin:16 - ***************** Starting T002LoginTest ***********************
2025-06-02 20:09:24 INFO  T003DDTLogin:23 - ************ click My Account **************
2025-06-02 20:09:24 INFO  T003DDTLogin:26 - ************ click on Login **************
2025-06-02 20:09:24 INFO  T003DDTLogin:31 - ************ customer details **************
2025-06-02 20:09:25 INFO  T003DDTLogin:40 - ************ account validation **************
2025-06-02 20:09:26 INFO  T003DDTLogin:16 - ***************** Starting T002LoginTest ***********************
2025-06-02 20:09:26 INFO  T003DDTLogin:23 - ************ click My Account **************
2025-06-02 20:09:27 INFO  T003DDTLogin:26 - ************ click on Login **************
2025-06-02 20:09:27 INFO  T003DDTLogin:31 - ************ customer details **************
2025-06-02 20:09:27 INFO  T003DDTLogin:40 - ************ account validation **************
2025-06-02 20:09:29 INFO  T003DDTLogin:69 - ***************** Finish T002LoginTest ***********************
2025-06-02 20:09:29 INFO  T003DDTLogin:16 - ***************** Starting T002LoginTest ***********************
2025-06-02 20:09:29 INFO  T003DDTLogin:23 - ************ click My Account **************
2025-06-02 20:09:29 INFO  T003DDTLogin:26 - ************ click on Login **************
2025-06-02 20:09:29 INFO  T003DDTLogin:31 - ************ customer details **************
2025-06-02 20:09:30 INFO  T003DDTLogin:40 - ************ account validation **************
2025-06-02 20:09:40 INFO  T003DDTLogin:69 - ***************** Finish T002LoginTest ***********************
2025-06-02 20:09:40 INFO  T003DDTLogin:16 - ***************** Starting T002LoginTest ***********************
2025-06-02 20:09:40 INFO  T003DDTLogin:23 - ************ click My Account **************
2025-06-02 20:09:41 INFO  T003DDTLogin:26 - ************ click on Login **************
2025-06-02 20:09:41 INFO  T003DDTLogin:31 - ************ customer details **************
2025-06-02 20:09:41 INFO  T003DDTLogin:40 - ************ account validation **************
2025-06-02 20:09:43 INFO  T003DDTLogin:16 - ***************** Starting T002LoginTest ***********************
2025-06-02 20:09:43 INFO  T003DDTLogin:23 - ************ click My Account **************
2025-06-02 20:09:44 INFO  T003DDTLogin:26 - ************ click on Login **************
2025-06-02 20:09:44 INFO  T003DDTLogin:31 - ************ customer details **************
2025-06-02 20:09:44 INFO  T003DDTLogin:40 - ************ account validation **************
2025-06-02 20:09:46 INFO  T003DDTLogin:69 - ***************** Finish T002LoginTest ***********************
